<?xml version="1.0" encoding="UTF-8"?>
<testsuite xmlns:xsi="http://www.w3.org/2001/XMLSchema-instance" xsi:noNamespaceSchemaLocation="https://maven.apache.org/surefire/maven-surefire-plugin/xsd/surefire-test-report.xsd" version="3.0.2" name="com.xosotv.live.xosotv_backend.XosotvBackendApplicationTests" time="4.047" tests="1" errors="0" skipped="0" failures="0">
  <properties>
    <property name="java.specification.version" value="21"/>
    <property name="sun.jnu.encoding" value="UTF-8"/>
    <property name="java.class.path" value="/Users/pro/Documents/GitHub/Duan_SimuTrader/xosotv-backend/target/test-classes:/Users/pro/Documents/GitHub/Duan_SimuTrader/xosotv-backend/target/classes:/Users/pro/.m2/repository/org/springframework/boot/spring-boot-starter-data-mongodb/3.5.0/spring-boot-starter-data-mongodb-3.5.0.jar:/Users/pro/.m2/repository/org/springframework/boot/spring-boot-starter/3.5.0/spring-boot-starter-3.5.0.jar:/Users/pro/.m2/repository/org/springframework/boot/spring-boot/3.5.0/spring-boot-3.5.0.jar:/Users/pro/.m2/repository/org/springframework/boot/spring-boot-autoconfigure/3.5.0/spring-boot-autoconfigure-3.5.0.jar:/Users/pro/.m2/repository/org/springframework/boot/spring-boot-starter-logging/3.5.0/spring-boot-starter-logging-3.5.0.jar:/Users/pro/.m2/repository/ch/qos/logback/logback-classic/1.5.18/logback-classic-1.5.18.jar:/Users/pro/.m2/repository/ch/qos/logback/logback-core/1.5.18/logback-core-1.5.18.jar:/Users/pro/.m2/repository/org/apache/logging/log4j/log4j-to-slf4j/2.24.3/log4j-to-slf4j-2.24.3.jar:/Users/pro/.m2/repository/org/apache/logging/log4j/log4j-api/2.24.3/log4j-api-2.24.3.jar:/Users/pro/.m2/repository/org/slf4j/jul-to-slf4j/2.0.17/jul-to-slf4j-2.0.17.jar:/Users/pro/.m2/repository/jakarta/annotation/jakarta.annotation-api/2.1.1/jakarta.annotation-api-2.1.1.jar:/Users/pro/.m2/repository/org/yaml/snakeyaml/2.4/snakeyaml-2.4.jar:/Users/pro/.m2/repository/org/mongodb/mongodb-driver-sync/5.4.0/mongodb-driver-sync-5.4.0.jar:/Users/pro/.m2/repository/org/mongodb/bson/5.4.0/bson-5.4.0.jar:/Users/pro/.m2/repository/org/mongodb/mongodb-driver-core/5.4.0/mongodb-driver-core-5.4.0.jar:/Users/pro/.m2/repository/org/mongodb/bson-record-codec/5.4.0/bson-record-codec-5.4.0.jar:/Users/pro/.m2/repository/org/springframework/data/spring-data-mongodb/4.5.0/spring-data-mongodb-4.5.0.jar:/Users/pro/.m2/repository/org/springframework/spring-tx/6.2.7/spring-tx-6.2.7.jar:/Users/pro/.m2/repository/org/springframework/spring-context/6.2.7/spring-context-6.2.7.jar:/Users/pro/.m2/repository/org/springframework/spring-beans/6.2.7/spring-beans-6.2.7.jar:/Users/pro/.m2/repository/org/springframework/spring-expression/6.2.7/spring-expression-6.2.7.jar:/Users/pro/.m2/repository/org/springframework/data/spring-data-commons/3.5.0/spring-data-commons-3.5.0.jar:/Users/pro/.m2/repository/org/springframework/boot/spring-boot-starter-web/3.5.0/spring-boot-starter-web-3.5.0.jar:/Users/pro/.m2/repository/org/springframework/boot/spring-boot-starter-json/3.5.0/spring-boot-starter-json-3.5.0.jar:/Users/pro/.m2/repository/com/fasterxml/jackson/datatype/jackson-datatype-jdk8/2.19.0/jackson-datatype-jdk8-2.19.0.jar:/Users/pro/.m2/repository/com/fasterxml/jackson/datatype/jackson-datatype-jsr310/2.19.0/jackson-datatype-jsr310-2.19.0.jar:/Users/pro/.m2/repository/com/fasterxml/jackson/module/jackson-module-parameter-names/2.19.0/jackson-module-parameter-names-2.19.0.jar:/Users/pro/.m2/repository/org/springframework/boot/spring-boot-starter-tomcat/3.5.0/spring-boot-starter-tomcat-3.5.0.jar:/Users/pro/.m2/repository/org/apache/tomcat/embed/tomcat-embed-core/10.1.41/tomcat-embed-core-10.1.41.jar:/Users/pro/.m2/repository/org/apache/tomcat/embed/tomcat-embed-el/10.1.41/tomcat-embed-el-10.1.41.jar:/Users/pro/.m2/repository/org/apache/tomcat/embed/tomcat-embed-websocket/10.1.41/tomcat-embed-websocket-10.1.41.jar:/Users/pro/.m2/repository/org/springframework/spring-web/6.2.7/spring-web-6.2.7.jar:/Users/pro/.m2/repository/io/micrometer/micrometer-observation/1.15.0/micrometer-observation-1.15.0.jar:/Users/pro/.m2/repository/io/micrometer/micrometer-commons/1.15.0/micrometer-commons-1.15.0.jar:/Users/pro/.m2/repository/org/springframework/spring-webmvc/6.2.7/spring-webmvc-6.2.7.jar:/Users/pro/.m2/repository/org/ta4j/ta4j-core/0.15/ta4j-core-0.15.jar:/Users/pro/.m2/repository/org/slf4j/slf4j-api/2.0.17/slf4j-api-2.0.17.jar:/Users/pro/.m2/repository/org/springframework/boot/spring-boot-starter-security/3.5.0/spring-boot-starter-security-3.5.0.jar:/Users/pro/.m2/repository/org/springframework/spring-aop/6.2.7/spring-aop-6.2.7.jar:/Users/pro/.m2/repository/org/springframework/security/spring-security-config/6.5.0/spring-security-config-6.5.0.jar:/Users/pro/.m2/repository/org/springframework/security/spring-security-core/6.5.0/spring-security-core-6.5.0.jar:/Users/pro/.m2/repository/org/springframework/security/spring-security-crypto/6.5.0/spring-security-crypto-6.5.0.jar:/Users/pro/.m2/repository/org/springframework/security/spring-security-web/6.5.0/spring-security-web-6.5.0.jar:/Users/pro/.m2/repository/io/jsonwebtoken/jjwt-api/0.11.5/jjwt-api-0.11.5.jar:/Users/pro/.m2/repository/io/jsonwebtoken/jjwt-impl/0.11.5/jjwt-impl-0.11.5.jar:/Users/pro/.m2/repository/io/jsonwebtoken/jjwt-jackson/0.11.5/jjwt-jackson-0.11.5.jar:/Users/pro/.m2/repository/com/fasterxml/jackson/core/jackson-databind/2.19.0/jackson-databind-2.19.0.jar:/Users/pro/.m2/repository/com/fasterxml/jackson/core/jackson-annotations/2.19.0/jackson-annotations-2.19.0.jar:/Users/pro/.m2/repository/com/fasterxml/jackson/core/jackson-core/2.19.0/jackson-core-2.19.0.jar:/Users/pro/.m2/repository/jakarta/validation/jakarta.validation-api/3.0.2/jakarta.validation-api-3.0.2.jar:/Users/pro/.m2/repository/org/springframework/boot/spring-boot-starter-websocket/3.5.0/spring-boot-starter-websocket-3.5.0.jar:/Users/pro/.m2/repository/org/springframework/spring-messaging/6.2.7/spring-messaging-6.2.7.jar:/Users/pro/.m2/repository/org/springframework/spring-websocket/6.2.7/spring-websocket-6.2.7.jar:/Users/pro/.m2/repository/org/jsoup/jsoup/1.17.2/jsoup-1.17.2.jar:/Users/pro/.m2/repository/io/github/binance/binance-connector-java/3.2.0/binance-connector-java-3.2.0.jar:/Users/pro/.m2/repository/com/squareup/okhttp3/okhttp/4.9.2/okhttp-4.9.2.jar:/Users/pro/.m2/repository/com/squareup/okio/okio/2.8.0/okio-2.8.0.jar:/Users/pro/.m2/repository/org/jetbrains/kotlin/kotlin-stdlib-common/1.9.25/kotlin-stdlib-common-1.9.25.jar:/Users/pro/.m2/repository/org/jetbrains/kotlin/kotlin-stdlib/1.9.25/kotlin-stdlib-1.9.25.jar:/Users/pro/.m2/repository/org/jetbrains/annotations/13.0/annotations-13.0.jar:/Users/pro/.m2/repository/commons-codec/commons-codec/1.18.0/commons-codec-1.18.0.jar:/Users/pro/.m2/repository/org/json/json/20231013/json-20231013.jar:/Users/pro/.m2/repository/org/bouncycastle/bcprov-jdk18on/1.74/bcprov-jdk18on-1.74.jar:/Users/pro/.m2/repository/com/google/cloud/google-cloud-aiplatform/3.69.0/google-cloud-aiplatform-3.69.0.jar:/Users/pro/.m2/repository/io/grpc/grpc-api/1.71.0/grpc-api-1.71.0.jar:/Users/pro/.m2/repository/com/google/code/findbugs/jsr305/3.0.2/jsr305-3.0.2.jar:/Users/pro/.m2/repository/com/google/errorprone/error_prone_annotations/2.38.0/error_prone_annotations-2.38.0.jar:/Users/pro/.m2/repository/io/grpc/grpc-stub/1.71.0/grpc-stub-1.71.0.jar:/Users/pro/.m2/repository/org/codehaus/mojo/animal-sniffer-annotations/1.24/animal-sniffer-annotations-1.24.jar:/Users/pro/.m2/repository/io/grpc/grpc-protobuf/1.71.0/grpc-protobuf-1.71.0.jar:/Users/pro/.m2/repository/io/grpc/grpc-protobuf-lite/1.71.0/grpc-protobuf-lite-1.71.0.jar:/Users/pro/.m2/repository/com/google/api/api-common/2.51.1/api-common-2.51.1.jar:/Users/pro/.m2/repository/com/google/auto/value/auto-value-annotations/1.11.0/auto-value-annotations-1.11.0.jar:/Users/pro/.m2/repository/javax/annotation/javax.annotation-api/1.3.2/javax.annotation-api-1.3.2.jar:/Users/pro/.m2/repository/com/google/j2objc/j2objc-annotations/3.0.0/j2objc-annotations-3.0.0.jar:/Users/pro/.m2/repository/com/google/protobuf/protobuf-java/3.25.8/protobuf-java-3.25.8.jar:/Users/pro/.m2/repository/com/google/api/grpc/proto-google-common-protos/2.59.1/proto-google-common-protos-2.59.1.jar:/Users/pro/.m2/repository/com/google/api/grpc/proto-google-cloud-aiplatform-v1beta1/0.85.0/proto-google-cloud-aiplatform-v1beta1-0.85.0.jar:/Users/pro/.m2/repository/com/google/api/grpc/proto-google-cloud-aiplatform-v1/3.69.0/proto-google-cloud-aiplatform-v1-3.69.0.jar:/Users/pro/.m2/repository/com/google/guava/guava/33.4.0-jre/guava-33.4.0-jre.jar:/Users/pro/.m2/repository/com/google/guava/failureaccess/1.0.2/failureaccess-1.0.2.jar:/Users/pro/.m2/repository/com/google/guava/listenablefuture/9999.0-empty-to-avoid-conflict-with-guava/listenablefuture-9999.0-empty-to-avoid-conflict-with-guava.jar:/Users/pro/.m2/repository/org/checkerframework/checker-qual/3.49.0/checker-qual-3.49.0.jar:/Users/pro/.m2/repository/com/google/api/gax/2.68.1/gax-2.68.1.jar:/Users/pro/.m2/repository/com/google/auth/google-auth-library-credentials/1.37.1/google-auth-library-credentials-1.37.1.jar:/Users/pro/.m2/repository/io/opencensus/opencensus-api/0.31.1/opencensus-api-0.31.1.jar:/Users/pro/.m2/repository/io/grpc/grpc-context/1.71.0/grpc-context-1.71.0.jar:/Users/pro/.m2/repository/com/google/auth/google-auth-library-oauth2-http/1.37.1/google-auth-library-oauth2-http-1.37.1.jar:/Users/pro/.m2/repository/com/google/http-client/google-http-client/1.47.1/google-http-client-1.47.1.jar:/Users/pro/.m2/repository/org/apache/httpcomponents/httpclient/4.5.14/httpclient-4.5.14.jar:/Users/pro/.m2/repository/org/apache/httpcomponents/httpcore/4.4.16/httpcore-4.4.16.jar:/Users/pro/.m2/repository/io/opencensus/opencensus-contrib-http-util/0.31.1/opencensus-contrib-http-util-0.31.1.jar:/Users/pro/.m2/repository/com/google/http-client/google-http-client-gson/1.47.1/google-http-client-gson-1.47.1.jar:/Users/pro/.m2/repository/com/google/api/gax-grpc/2.68.1/gax-grpc-2.68.1.jar:/Users/pro/.m2/repository/io/grpc/grpc-inprocess/1.71.0/grpc-inprocess-1.71.0.jar:/Users/pro/.m2/repository/io/grpc/grpc-core/1.71.0/grpc-core-1.71.0.jar:/Users/pro/.m2/repository/com/google/android/annotations/4.1.1.4/annotations-4.1.1.4.jar:/Users/pro/.m2/repository/io/grpc/grpc-alts/1.71.0/grpc-alts-1.71.0.jar:/Users/pro/.m2/repository/io/grpc/grpc-grpclb/1.71.0/grpc-grpclb-1.71.0.jar:/Users/pro/.m2/repository/org/conscrypt/conscrypt-openjdk-uber/2.5.2/conscrypt-openjdk-uber-2.5.2.jar:/Users/pro/.m2/repository/io/grpc/grpc-auth/1.71.0/grpc-auth-1.71.0.jar:/Users/pro/.m2/repository/io/grpc/grpc-netty-shaded/1.71.0/grpc-netty-shaded-1.71.0.jar:/Users/pro/.m2/repository/io/grpc/grpc-util/1.71.0/grpc-util-1.71.0.jar:/Users/pro/.m2/repository/io/perfmark/perfmark-api/0.27.0/perfmark-api-0.27.0.jar:/Users/pro/.m2/repository/io/grpc/grpc-googleapis/1.71.0/grpc-googleapis-1.71.0.jar:/Users/pro/.m2/repository/io/grpc/grpc-xds/1.71.0/grpc-xds-1.71.0.jar:/Users/pro/.m2/repository/io/grpc/grpc-services/1.71.0/grpc-services-1.71.0.jar:/Users/pro/.m2/repository/com/google/re2j/re2j/1.8/re2j-1.8.jar:/Users/pro/.m2/repository/org/threeten/threetenbp/1.7.0/threetenbp-1.7.0.jar:/Users/pro/.m2/repository/com/google/api/grpc/proto-google-iam-v1/1.54.1/proto-google-iam-v1-1.54.1.jar:/Users/pro/.m2/repository/com/google/code/gson/gson/2.13.1/gson-2.13.1.jar:/Users/pro/.m2/repository/com/google/protobuf/protobuf-java-util/3.25.8/protobuf-java-util-3.25.8.jar:/Users/pro/.m2/repository/org/springframework/boot/spring-boot-starter-test/3.5.0/spring-boot-starter-test-3.5.0.jar:/Users/pro/.m2/repository/org/springframework/boot/spring-boot-test/3.5.0/spring-boot-test-3.5.0.jar:/Users/pro/.m2/repository/org/springframework/boot/spring-boot-test-autoconfigure/3.5.0/spring-boot-test-autoconfigure-3.5.0.jar:/Users/pro/.m2/repository/com/jayway/jsonpath/json-path/2.9.0/json-path-2.9.0.jar:/Users/pro/.m2/repository/jakarta/xml/bind/jakarta.xml.bind-api/4.0.2/jakarta.xml.bind-api-4.0.2.jar:/Users/pro/.m2/repository/jakarta/activation/jakarta.activation-api/2.1.3/jakarta.activation-api-2.1.3.jar:/Users/pro/.m2/repository/net/minidev/json-smart/2.5.2/json-smart-2.5.2.jar:/Users/pro/.m2/repository/net/minidev/accessors-smart/2.5.2/accessors-smart-2.5.2.jar:/Users/pro/.m2/repository/org/ow2/asm/asm/9.7.1/asm-9.7.1.jar:/Users/pro/.m2/repository/org/assertj/assertj-core/3.27.3/assertj-core-3.27.3.jar:/Users/pro/.m2/repository/net/bytebuddy/byte-buddy/1.17.5/byte-buddy-1.17.5.jar:/Users/pro/.m2/repository/org/awaitility/awaitility/4.3.0/awaitility-4.3.0.jar:/Users/pro/.m2/repository/org/hamcrest/hamcrest/3.0/hamcrest-3.0.jar:/Users/pro/.m2/repository/org/junit/jupiter/junit-jupiter/5.12.2/junit-jupiter-5.12.2.jar:/Users/pro/.m2/repository/org/junit/jupiter/junit-jupiter-api/5.12.2/junit-jupiter-api-5.12.2.jar:/Users/pro/.m2/repository/org/opentest4j/opentest4j/1.3.0/opentest4j-1.3.0.jar:/Users/pro/.m2/repository/org/junit/platform/junit-platform-commons/1.12.2/junit-platform-commons-1.12.2.jar:/Users/pro/.m2/repository/org/apiguardian/apiguardian-api/1.1.2/apiguardian-api-1.1.2.jar:/Users/pro/.m2/repository/org/junit/jupiter/junit-jupiter-params/5.12.2/junit-jupiter-params-5.12.2.jar:/Users/pro/.m2/repository/org/junit/jupiter/junit-jupiter-engine/5.12.2/junit-jupiter-engine-5.12.2.jar:/Users/pro/.m2/repository/org/junit/platform/junit-platform-engine/1.12.2/junit-platform-engine-1.12.2.jar:/Users/pro/.m2/repository/org/mockito/mockito-core/5.17.0/mockito-core-5.17.0.jar:/Users/pro/.m2/repository/net/bytebuddy/byte-buddy-agent/1.17.5/byte-buddy-agent-1.17.5.jar:/Users/pro/.m2/repository/org/objenesis/objenesis/3.3/objenesis-3.3.jar:/Users/pro/.m2/repository/org/mockito/mockito-junit-jupiter/5.17.0/mockito-junit-jupiter-5.17.0.jar:/Users/pro/.m2/repository/org/skyscreamer/jsonassert/1.5.3/jsonassert-1.5.3.jar:/Users/pro/.m2/repository/com/vaadin/external/google/android-json/0.0.20131108.vaadin1/android-json-0.0.20131108.vaadin1.jar:/Users/pro/.m2/repository/org/springframework/spring-core/6.2.7/spring-core-6.2.7.jar:/Users/pro/.m2/repository/org/springframework/spring-jcl/6.2.7/spring-jcl-6.2.7.jar:/Users/pro/.m2/repository/org/springframework/spring-test/6.2.7/spring-test-6.2.7.jar:/Users/pro/.m2/repository/org/xmlunit/xmlunit-core/2.10.1/xmlunit-core-2.10.1.jar:"/>
    <property name="java.vm.vendor" value="Amazon.com Inc."/>
    <property name="sun.arch.data.model" value="64"/>
    <property name="java.vendor.url" value="https://aws.amazon.com/corretto/"/>
    <property name="user.timezone" value="Asia/Ho_Chi_Minh"/>
    <property name="os.name" value="Mac OS X"/>
    <property name="java.vm.specification.version" value="21"/>
    <property name="APPLICATION_NAME" value="xosotv-backend"/>
    <property name="sun.java.launcher" value="SUN_STANDARD"/>
    <property name="user.country" value="VN"/>
    <property name="sun.boot.library.path" value="/Users/pro/Library/Java/JavaVirtualMachines/corretto-21.0.4/Contents/Home/lib"/>
    <property name="sun.java.command" value="/Users/pro/Documents/GitHub/Duan_SimuTrader/xosotv-backend/target/surefire/surefirebooter-20250806110550462_3.jar /Users/pro/Documents/GitHub/Duan_SimuTrader/xosotv-backend/target/surefire 2025-08-06T11-05-50_377-jvmRun1 surefire-20250806110550462_1tmp surefire_0-20250806110550462_2tmp"/>
    <property name="http.nonProxyHosts" value="local|*.local|169.254/16|*.169.254/16"/>
    <property name="jdk.debug" value="release"/>
    <property name="surefire.test.class.path" value="/Users/pro/Documents/GitHub/Duan_SimuTrader/xosotv-backend/target/test-classes:/Users/pro/Documents/GitHub/Duan_SimuTrader/xosotv-backend/target/classes:/Users/pro/.m2/repository/org/springframework/boot/spring-boot-starter-data-mongodb/3.5.0/spring-boot-starter-data-mongodb-3.5.0.jar:/Users/pro/.m2/repository/org/springframework/boot/spring-boot-starter/3.5.0/spring-boot-starter-3.5.0.jar:/Users/pro/.m2/repository/org/springframework/boot/spring-boot/3.5.0/spring-boot-3.5.0.jar:/Users/pro/.m2/repository/org/springframework/boot/spring-boot-autoconfigure/3.5.0/spring-boot-autoconfigure-3.5.0.jar:/Users/pro/.m2/repository/org/springframework/boot/spring-boot-starter-logging/3.5.0/spring-boot-starter-logging-3.5.0.jar:/Users/pro/.m2/repository/ch/qos/logback/logback-classic/1.5.18/logback-classic-1.5.18.jar:/Users/pro/.m2/repository/ch/qos/logback/logback-core/1.5.18/logback-core-1.5.18.jar:/Users/pro/.m2/repository/org/apache/logging/log4j/log4j-to-slf4j/2.24.3/log4j-to-slf4j-2.24.3.jar:/Users/pro/.m2/repository/org/apache/logging/log4j/log4j-api/2.24.3/log4j-api-2.24.3.jar:/Users/pro/.m2/repository/org/slf4j/jul-to-slf4j/2.0.17/jul-to-slf4j-2.0.17.jar:/Users/pro/.m2/repository/jakarta/annotation/jakarta.annotation-api/2.1.1/jakarta.annotation-api-2.1.1.jar:/Users/pro/.m2/repository/org/yaml/snakeyaml/2.4/snakeyaml-2.4.jar:/Users/pro/.m2/repository/org/mongodb/mongodb-driver-sync/5.4.0/mongodb-driver-sync-5.4.0.jar:/Users/pro/.m2/repository/org/mongodb/bson/5.4.0/bson-5.4.0.jar:/Users/pro/.m2/repository/org/mongodb/mongodb-driver-core/5.4.0/mongodb-driver-core-5.4.0.jar:/Users/pro/.m2/repository/org/mongodb/bson-record-codec/5.4.0/bson-record-codec-5.4.0.jar:/Users/pro/.m2/repository/org/springframework/data/spring-data-mongodb/4.5.0/spring-data-mongodb-4.5.0.jar:/Users/pro/.m2/repository/org/springframework/spring-tx/6.2.7/spring-tx-6.2.7.jar:/Users/pro/.m2/repository/org/springframework/spring-context/6.2.7/spring-context-6.2.7.jar:/Users/pro/.m2/repository/org/springframework/spring-beans/6.2.7/spring-beans-6.2.7.jar:/Users/pro/.m2/repository/org/springframework/spring-expression/6.2.7/spring-expression-6.2.7.jar:/Users/pro/.m2/repository/org/springframework/data/spring-data-commons/3.5.0/spring-data-commons-3.5.0.jar:/Users/pro/.m2/repository/org/springframework/boot/spring-boot-starter-web/3.5.0/spring-boot-starter-web-3.5.0.jar:/Users/pro/.m2/repository/org/springframework/boot/spring-boot-starter-json/3.5.0/spring-boot-starter-json-3.5.0.jar:/Users/pro/.m2/repository/com/fasterxml/jackson/datatype/jackson-datatype-jdk8/2.19.0/jackson-datatype-jdk8-2.19.0.jar:/Users/pro/.m2/repository/com/fasterxml/jackson/datatype/jackson-datatype-jsr310/2.19.0/jackson-datatype-jsr310-2.19.0.jar:/Users/pro/.m2/repository/com/fasterxml/jackson/module/jackson-module-parameter-names/2.19.0/jackson-module-parameter-names-2.19.0.jar:/Users/pro/.m2/repository/org/springframework/boot/spring-boot-starter-tomcat/3.5.0/spring-boot-starter-tomcat-3.5.0.jar:/Users/pro/.m2/repository/org/apache/tomcat/embed/tomcat-embed-core/10.1.41/tomcat-embed-core-10.1.41.jar:/Users/pro/.m2/repository/org/apache/tomcat/embed/tomcat-embed-el/10.1.41/tomcat-embed-el-10.1.41.jar:/Users/pro/.m2/repository/org/apache/tomcat/embed/tomcat-embed-websocket/10.1.41/tomcat-embed-websocket-10.1.41.jar:/Users/pro/.m2/repository/org/springframework/spring-web/6.2.7/spring-web-6.2.7.jar:/Users/pro/.m2/repository/io/micrometer/micrometer-observation/1.15.0/micrometer-observation-1.15.0.jar:/Users/pro/.m2/repository/io/micrometer/micrometer-commons/1.15.0/micrometer-commons-1.15.0.jar:/Users/pro/.m2/repository/org/springframework/spring-webmvc/6.2.7/spring-webmvc-6.2.7.jar:/Users/pro/.m2/repository/org/ta4j/ta4j-core/0.15/ta4j-core-0.15.jar:/Users/pro/.m2/repository/org/slf4j/slf4j-api/2.0.17/slf4j-api-2.0.17.jar:/Users/pro/.m2/repository/org/springframework/boot/spring-boot-starter-security/3.5.0/spring-boot-starter-security-3.5.0.jar:/Users/pro/.m2/repository/org/springframework/spring-aop/6.2.7/spring-aop-6.2.7.jar:/Users/pro/.m2/repository/org/springframework/security/spring-security-config/6.5.0/spring-security-config-6.5.0.jar:/Users/pro/.m2/repository/org/springframework/security/spring-security-core/6.5.0/spring-security-core-6.5.0.jar:/Users/pro/.m2/repository/org/springframework/security/spring-security-crypto/6.5.0/spring-security-crypto-6.5.0.jar:/Users/pro/.m2/repository/org/springframework/security/spring-security-web/6.5.0/spring-security-web-6.5.0.jar:/Users/pro/.m2/repository/io/jsonwebtoken/jjwt-api/0.11.5/jjwt-api-0.11.5.jar:/Users/pro/.m2/repository/io/jsonwebtoken/jjwt-impl/0.11.5/jjwt-impl-0.11.5.jar:/Users/pro/.m2/repository/io/jsonwebtoken/jjwt-jackson/0.11.5/jjwt-jackson-0.11.5.jar:/Users/pro/.m2/repository/com/fasterxml/jackson/core/jackson-databind/2.19.0/jackson-databind-2.19.0.jar:/Users/pro/.m2/repository/com/fasterxml/jackson/core/jackson-annotations/2.19.0/jackson-annotations-2.19.0.jar:/Users/pro/.m2/repository/com/fasterxml/jackson/core/jackson-core/2.19.0/jackson-core-2.19.0.jar:/Users/pro/.m2/repository/jakarta/validation/jakarta.validation-api/3.0.2/jakarta.validation-api-3.0.2.jar:/Users/pro/.m2/repository/org/springframework/boot/spring-boot-starter-websocket/3.5.0/spring-boot-starter-websocket-3.5.0.jar:/Users/pro/.m2/repository/org/springframework/spring-messaging/6.2.7/spring-messaging-6.2.7.jar:/Users/pro/.m2/repository/org/springframework/spring-websocket/6.2.7/spring-websocket-6.2.7.jar:/Users/pro/.m2/repository/org/jsoup/jsoup/1.17.2/jsoup-1.17.2.jar:/Users/pro/.m2/repository/io/github/binance/binance-connector-java/3.2.0/binance-connector-java-3.2.0.jar:/Users/pro/.m2/repository/com/squareup/okhttp3/okhttp/4.9.2/okhttp-4.9.2.jar:/Users/pro/.m2/repository/com/squareup/okio/okio/2.8.0/okio-2.8.0.jar:/Users/pro/.m2/repository/org/jetbrains/kotlin/kotlin-stdlib-common/1.9.25/kotlin-stdlib-common-1.9.25.jar:/Users/pro/.m2/repository/org/jetbrains/kotlin/kotlin-stdlib/1.9.25/kotlin-stdlib-1.9.25.jar:/Users/pro/.m2/repository/org/jetbrains/annotations/13.0/annotations-13.0.jar:/Users/pro/.m2/repository/commons-codec/commons-codec/1.18.0/commons-codec-1.18.0.jar:/Users/pro/.m2/repository/org/json/json/20231013/json-20231013.jar:/Users/pro/.m2/repository/org/bouncycastle/bcprov-jdk18on/1.74/bcprov-jdk18on-1.74.jar:/Users/pro/.m2/repository/com/google/cloud/google-cloud-aiplatform/3.69.0/google-cloud-aiplatform-3.69.0.jar:/Users/pro/.m2/repository/io/grpc/grpc-api/1.71.0/grpc-api-1.71.0.jar:/Users/pro/.m2/repository/com/google/code/findbugs/jsr305/3.0.2/jsr305-3.0.2.jar:/Users/pro/.m2/repository/com/google/errorprone/error_prone_annotations/2.38.0/error_prone_annotations-2.38.0.jar:/Users/pro/.m2/repository/io/grpc/grpc-stub/1.71.0/grpc-stub-1.71.0.jar:/Users/pro/.m2/repository/org/codehaus/mojo/animal-sniffer-annotations/1.24/animal-sniffer-annotations-1.24.jar:/Users/pro/.m2/repository/io/grpc/grpc-protobuf/1.71.0/grpc-protobuf-1.71.0.jar:/Users/pro/.m2/repository/io/grpc/grpc-protobuf-lite/1.71.0/grpc-protobuf-lite-1.71.0.jar:/Users/pro/.m2/repository/com/google/api/api-common/2.51.1/api-common-2.51.1.jar:/Users/pro/.m2/repository/com/google/auto/value/auto-value-annotations/1.11.0/auto-value-annotations-1.11.0.jar:/Users/pro/.m2/repository/javax/annotation/javax.annotation-api/1.3.2/javax.annotation-api-1.3.2.jar:/Users/pro/.m2/repository/com/google/j2objc/j2objc-annotations/3.0.0/j2objc-annotations-3.0.0.jar:/Users/pro/.m2/repository/com/google/protobuf/protobuf-java/3.25.8/protobuf-java-3.25.8.jar:/Users/pro/.m2/repository/com/google/api/grpc/proto-google-common-protos/2.59.1/proto-google-common-protos-2.59.1.jar:/Users/pro/.m2/repository/com/google/api/grpc/proto-google-cloud-aiplatform-v1beta1/0.85.0/proto-google-cloud-aiplatform-v1beta1-0.85.0.jar:/Users/pro/.m2/repository/com/google/api/grpc/proto-google-cloud-aiplatform-v1/3.69.0/proto-google-cloud-aiplatform-v1-3.69.0.jar:/Users/pro/.m2/repository/com/google/guava/guava/33.4.0-jre/guava-33.4.0-jre.jar:/Users/pro/.m2/repository/com/google/guava/failureaccess/1.0.2/failureaccess-1.0.2.jar:/Users/pro/.m2/repository/com/google/guava/listenablefuture/9999.0-empty-to-avoid-conflict-with-guava/listenablefuture-9999.0-empty-to-avoid-conflict-with-guava.jar:/Users/pro/.m2/repository/org/checkerframework/checker-qual/3.49.0/checker-qual-3.49.0.jar:/Users/pro/.m2/repository/com/google/api/gax/2.68.1/gax-2.68.1.jar:/Users/pro/.m2/repository/com/google/auth/google-auth-library-credentials/1.37.1/google-auth-library-credentials-1.37.1.jar:/Users/pro/.m2/repository/io/opencensus/opencensus-api/0.31.1/opencensus-api-0.31.1.jar:/Users/pro/.m2/repository/io/grpc/grpc-context/1.71.0/grpc-context-1.71.0.jar:/Users/pro/.m2/repository/com/google/auth/google-auth-library-oauth2-http/1.37.1/google-auth-library-oauth2-http-1.37.1.jar:/Users/pro/.m2/repository/com/google/http-client/google-http-client/1.47.1/google-http-client-1.47.1.jar:/Users/pro/.m2/repository/org/apache/httpcomponents/httpclient/4.5.14/httpclient-4.5.14.jar:/Users/pro/.m2/repository/org/apache/httpcomponents/httpcore/4.4.16/httpcore-4.4.16.jar:/Users/pro/.m2/repository/io/opencensus/opencensus-contrib-http-util/0.31.1/opencensus-contrib-http-util-0.31.1.jar:/Users/pro/.m2/repository/com/google/http-client/google-http-client-gson/1.47.1/google-http-client-gson-1.47.1.jar:/Users/pro/.m2/repository/com/google/api/gax-grpc/2.68.1/gax-grpc-2.68.1.jar:/Users/pro/.m2/repository/io/grpc/grpc-inprocess/1.71.0/grpc-inprocess-1.71.0.jar:/Users/pro/.m2/repository/io/grpc/grpc-core/1.71.0/grpc-core-1.71.0.jar:/Users/pro/.m2/repository/com/google/android/annotations/4.1.1.4/annotations-4.1.1.4.jar:/Users/pro/.m2/repository/io/grpc/grpc-alts/1.71.0/grpc-alts-1.71.0.jar:/Users/pro/.m2/repository/io/grpc/grpc-grpclb/1.71.0/grpc-grpclb-1.71.0.jar:/Users/pro/.m2/repository/org/conscrypt/conscrypt-openjdk-uber/2.5.2/conscrypt-openjdk-uber-2.5.2.jar:/Users/pro/.m2/repository/io/grpc/grpc-auth/1.71.0/grpc-auth-1.71.0.jar:/Users/pro/.m2/repository/io/grpc/grpc-netty-shaded/1.71.0/grpc-netty-shaded-1.71.0.jar:/Users/pro/.m2/repository/io/grpc/grpc-util/1.71.0/grpc-util-1.71.0.jar:/Users/pro/.m2/repository/io/perfmark/perfmark-api/0.27.0/perfmark-api-0.27.0.jar:/Users/pro/.m2/repository/io/grpc/grpc-googleapis/1.71.0/grpc-googleapis-1.71.0.jar:/Users/pro/.m2/repository/io/grpc/grpc-xds/1.71.0/grpc-xds-1.71.0.jar:/Users/pro/.m2/repository/io/grpc/grpc-services/1.71.0/grpc-services-1.71.0.jar:/Users/pro/.m2/repository/com/google/re2j/re2j/1.8/re2j-1.8.jar:/Users/pro/.m2/repository/org/threeten/threetenbp/1.7.0/threetenbp-1.7.0.jar:/Users/pro/.m2/repository/com/google/api/grpc/proto-google-iam-v1/1.54.1/proto-google-iam-v1-1.54.1.jar:/Users/pro/.m2/repository/com/google/code/gson/gson/2.13.1/gson-2.13.1.jar:/Users/pro/.m2/repository/com/google/protobuf/protobuf-java-util/3.25.8/protobuf-java-util-3.25.8.jar:/Users/pro/.m2/repository/org/springframework/boot/spring-boot-starter-test/3.5.0/spring-boot-starter-test-3.5.0.jar:/Users/pro/.m2/repository/org/springframework/boot/spring-boot-test/3.5.0/spring-boot-test-3.5.0.jar:/Users/pro/.m2/repository/org/springframework/boot/spring-boot-test-autoconfigure/3.5.0/spring-boot-test-autoconfigure-3.5.0.jar:/Users/pro/.m2/repository/com/jayway/jsonpath/json-path/2.9.0/json-path-2.9.0.jar:/Users/pro/.m2/repository/jakarta/xml/bind/jakarta.xml.bind-api/4.0.2/jakarta.xml.bind-api-4.0.2.jar:/Users/pro/.m2/repository/jakarta/activation/jakarta.activation-api/2.1.3/jakarta.activation-api-2.1.3.jar:/Users/pro/.m2/repository/net/minidev/json-smart/2.5.2/json-smart-2.5.2.jar:/Users/pro/.m2/repository/net/minidev/accessors-smart/2.5.2/accessors-smart-2.5.2.jar:/Users/pro/.m2/repository/org/ow2/asm/asm/9.7.1/asm-9.7.1.jar:/Users/pro/.m2/repository/org/assertj/assertj-core/3.27.3/assertj-core-3.27.3.jar:/Users/pro/.m2/repository/net/bytebuddy/byte-buddy/1.17.5/byte-buddy-1.17.5.jar:/Users/pro/.m2/repository/org/awaitility/awaitility/4.3.0/awaitility-4.3.0.jar:/Users/pro/.m2/repository/org/hamcrest/hamcrest/3.0/hamcrest-3.0.jar:/Users/pro/.m2/repository/org/junit/jupiter/junit-jupiter/5.12.2/junit-jupiter-5.12.2.jar:/Users/pro/.m2/repository/org/junit/jupiter/junit-jupiter-api/5.12.2/junit-jupiter-api-5.12.2.jar:/Users/pro/.m2/repository/org/opentest4j/opentest4j/1.3.0/opentest4j-1.3.0.jar:/Users/pro/.m2/repository/org/junit/platform/junit-platform-commons/1.12.2/junit-platform-commons-1.12.2.jar:/Users/pro/.m2/repository/org/apiguardian/apiguardian-api/1.1.2/apiguardian-api-1.1.2.jar:/Users/pro/.m2/repository/org/junit/jupiter/junit-jupiter-params/5.12.2/junit-jupiter-params-5.12.2.jar:/Users/pro/.m2/repository/org/junit/jupiter/junit-jupiter-engine/5.12.2/junit-jupiter-engine-5.12.2.jar:/Users/pro/.m2/repository/org/junit/platform/junit-platform-engine/1.12.2/junit-platform-engine-1.12.2.jar:/Users/pro/.m2/repository/org/mockito/mockito-core/5.17.0/mockito-core-5.17.0.jar:/Users/pro/.m2/repository/net/bytebuddy/byte-buddy-agent/1.17.5/byte-buddy-agent-1.17.5.jar:/Users/pro/.m2/repository/org/objenesis/objenesis/3.3/objenesis-3.3.jar:/Users/pro/.m2/repository/org/mockito/mockito-junit-jupiter/5.17.0/mockito-junit-jupiter-5.17.0.jar:/Users/pro/.m2/repository/org/skyscreamer/jsonassert/1.5.3/jsonassert-1.5.3.jar:/Users/pro/.m2/repository/com/vaadin/external/google/android-json/0.0.20131108.vaadin1/android-json-0.0.20131108.vaadin1.jar:/Users/pro/.m2/repository/org/springframework/spring-core/6.2.7/spring-core-6.2.7.jar:/Users/pro/.m2/repository/org/springframework/spring-jcl/6.2.7/spring-jcl-6.2.7.jar:/Users/pro/.m2/repository/org/springframework/spring-test/6.2.7/spring-test-6.2.7.jar:/Users/pro/.m2/repository/org/xmlunit/xmlunit-core/2.10.1/xmlunit-core-2.10.1.jar:"/>
    <property name="sun.cpu.endian" value="little"/>
    <property name="user.home" value="/Users/pro"/>
    <property name="user.language" value="vi"/>
    <property name="java.specification.vendor" value="Oracle Corporation"/>
    <property name="java.version.date" value="2024-07-16"/>
    <property name="java.home" value="/Users/pro/Library/Java/JavaVirtualMachines/corretto-21.0.4/Contents/Home"/>
    <property name="file.separator" value="/"/>
    <property name="basedir" value="/Users/pro/Documents/GitHub/Duan_SimuTrader/xosotv-backend"/>
    <property name="java.vm.compressedOopsMode" value="Zero based"/>
    <property name="line.separator" value="&#10;"/>
    <property name="java.vm.specification.vendor" value="Oracle Corporation"/>
    <property name="java.specification.name" value="Java Platform API Specification"/>
    <property name="FILE_LOG_CHARSET" value="UTF-8"/>
    <property name="java.awt.headless" value="true"/>
    <property name="apple.awt.application.name" value="ForkedBooter"/>
    <property name="surefire.real.class.path" value="/Users/pro/Documents/GitHub/Duan_SimuTrader/xosotv-backend/target/surefire/surefirebooter-20250806110550462_3.jar"/>
    <property name="sun.management.compiler" value="HotSpot 64-Bit Tiered Compilers"/>
    <property name="ftp.nonProxyHosts" value="local|*.local|169.254/16|*.169.254/16"/>
    <property name="java.runtime.version" value="21.0.4+7-LTS"/>
    <property name="user.name" value="pro"/>
    <property name="stdout.encoding" value="US-ASCII"/>
    <property name="path.separator" value=":"/>
    <property name="os.version" value="14.4"/>
    <property name="java.runtime.name" value="OpenJDK Runtime Environment"/>
    <property name="file.encoding" value="UTF-8"/>
    <property name="java.vm.name" value="OpenJDK 64-Bit Server VM"/>
    <property name="java.vendor.version" value="Corretto-21.0.4.7.1"/>
    <property name="localRepository" value="/Users/pro/.m2/repository"/>
    <property name="java.vendor.url.bug" value="https://github.com/corretto/corretto-21/issues/"/>
    <property name="java.io.tmpdir" value="/var/folders/fy/dr_vlhmd6cd_ybp5kl0n7ly00000gn/T/"/>
    <property name="idea.version" value="2024.1.4"/>
    <property name="java.version" value="21.0.4"/>
    <property name="user.dir" value="/Users/pro/Documents/GitHub/Duan_SimuTrader/xosotv-backend"/>
    <property name="os.arch" value="x86_64"/>
    <property name="java.vm.specification.name" value="Java Virtual Machine Specification"/>
    <property name="PID" value="18511"/>
    <property name="CONSOLE_LOG_CHARSET" value="UTF-8"/>
    <property name="native.encoding" value="US-ASCII"/>
    <property name="java.library.path" value="/Users/pro/Library/Java/Extensions:/Library/Java/Extensions:/Network/Library/Java/Extensions:/System/Library/Java/Extensions:/usr/lib/java:."/>
    <property name="java.vm.info" value="mixed mode, sharing"/>
    <property name="stderr.encoding" value="US-ASCII"/>
    <property name="java.vendor" value="Amazon.com Inc."/>
    <property name="java.vm.version" value="21.0.4+7-LTS"/>
    <property name="sun.io.unicode.encoding" value="UnicodeBig"/>
    <property name="socksNonProxyHosts" value="local|*.local|169.254/16|*.169.254/16"/>
    <property name="java.class.version" value="65.0"/>
    <property name="LOGGED_APPLICATION_NAME" value="[xosotv-backend] "/>
  </properties>
  <testcase name="contextLoads" classname="com.xosotv.live.xosotv_backend.XosotvBackendApplicationTests" time="0.735">
    <system-out><![CDATA[11:05:51.193 [main] INFO org.springframework.test.context.support.AnnotationConfigContextLoaderUtils -- Could not detect default configuration classes for test class [com.xosotv.live.xosotv_backend.XosotvBackendApplicationTests]: XosotvBackendApplicationTests does not declare any static, non-private, non-final, nested classes annotated with @Configuration.
11:05:51.301 [main] INFO org.springframework.boot.test.context.SpringBootTestContextBootstrapper -- Found @SpringBootConfiguration com.xosotv.live.xosotv_backend.XosotvBackendApplication for test class com.xosotv.live.xosotv_backend.XosotvBackendApplicationTests

  .   ____          _            __ _ _
 /\\ / ___'_ __ _ _(_)_ __  __ _ \ \ \ \
( ( )\___ | '_ | '_| | '_ \/ _` | \ \ \ \
 \\/  ___)| |_)| | | | | || (_| |  ) ) ) )
  '  |____| .__|_| |_|_| |_\__, | / / / /
 =========|_|==============|___/=/_/_/_/

 :: Spring Boot ::                (v3.5.0)

2025-08-06T11:05:51.645+07:00  WARN 18511 --- [xosotv-backend] [           main] ory$DuplicateJsonObjectContextCustomizer : 

Found multiple occurrences of org.json.JSONObject on the class path:

	jar:file:/Users/pro/.m2/repository/org/json/json/20231013/json-20231013.jar!/org/json/JSONObject.class
	jar:file:/Users/pro/.m2/repository/com/vaadin/external/google/android-json/0.0.20131108.vaadin1/android-json-0.0.20131108.vaadin1.jar!/org/json/JSONObject.class

You may wish to exclude one of them to ensure predictable runtime behavior

2025-08-06T11:05:51.663+07:00  INFO 18511 --- [xosotv-backend] [           main] c.x.l.x.XosotvBackendApplicationTests    : Starting XosotvBackendApplicationTests using Java 21.0.4 with PID 18511 (started by pro in /Users/pro/Documents/GitHub/Duan_SimuTrader/xosotv-backend)
2025-08-06T11:05:51.664+07:00 DEBUG 18511 --- [xosotv-backend] [           main] c.x.l.x.XosotvBackendApplicationTests    : Running with Spring Boot v3.5.0, Spring v6.2.7
2025-08-06T11:05:51.665+07:00  INFO 18511 --- [xosotv-backend] [           main] c.x.l.x.XosotvBackendApplicationTests    : No active profile set, falling back to 1 default profile: "default"
2025-08-06T11:05:51.693+07:00 DEBUG 18511 --- [xosotv-backend] [           main] o.s.w.c.s.GenericWebApplicationContext   : Refreshing org.springframework.web.context.support.GenericWebApplicationContext@51bde877
2025-08-06T11:05:52.388+07:00  INFO 18511 --- [xosotv-backend] [           main] .s.d.r.c.RepositoryConfigurationDelegate : Bootstrapping Spring Data MongoDB repositories in DEFAULT mode.
2025-08-06T11:05:52.457+07:00  INFO 18511 --- [xosotv-backend] [           main] .s.d.r.c.RepositoryConfigurationDelegate : Finished Spring Data repository scanning in 62 ms. Found 9 MongoDB repository interfaces.
2025-08-06T11:05:52.911+07:00  INFO 18511 --- [xosotv-backend] [           main] org.mongodb.driver.client                : MongoClient with metadata {"driver": {"name": "mongo-java-driver|sync|spring-boot", "version": "5.4.0"}, "os": {"type": "Darwin", "name": "Mac OS X", "architecture": "x86_64", "version": "14.4"}, "platform": "Java/Amazon.com Inc./21.0.4+7-LTS"} created with settings MongoClientSettings{readPreference=primary, writeConcern=WriteConcern{w=null, wTimeout=null ms, journal=null}, retryWrites=true, retryReads=true, readConcern=ReadConcern{level=null}, credential=null, transportSettings=null, commandListeners=[], codecRegistry=ProvidersCodecRegistry{codecProviders=[ValueCodecProvider{}, BsonValueCodecProvider{}, DBRefCodecProvider{}, DBObjectCodecProvider{}, DocumentCodecProvider{}, CollectionCodecProvider{}, IterableCodecProvider{}, MapCodecProvider{}, GeoJsonCodecProvider{}, GridFSFileCodecProvider{}, Jsr310CodecProvider{}, JsonObjectCodecProvider{}, BsonCodecProvider{}, EnumCodecProvider{}, com.mongodb.client.model.mql.ExpressionCodecProvider@7cff3f1d, com.mongodb.Jep395RecordCodecProvider@6401188a, com.mongodb.KotlinCodecProvider@33a8c9c9]}, loggerSettings=LoggerSettings{maxDocumentLength=1000}, clusterSettings={hosts=[localhost:27017], srvServiceName=mongodb, mode=SINGLE, requiredClusterType=UNKNOWN, requiredReplicaSetName='null', serverSelector='null', clusterListeners='[]', serverSelectionTimeout='30000 ms', localThreshold='15 ms'}, socketSettings=SocketSettings{connectTimeoutMS=10000, readTimeoutMS=0, receiveBufferSize=0, proxySettings=ProxySettings{host=null, port=null, username=null, password=null}}, heartbeatSocketSettings=SocketSettings{connectTimeoutMS=10000, readTimeoutMS=10000, receiveBufferSize=0, proxySettings=ProxySettings{host=null, port=null, username=null, password=null}}, connectionPoolSettings=ConnectionPoolSettings{maxSize=100, minSize=0, maxWaitTimeMS=120000, maxConnectionLifeTimeMS=0, maxConnectionIdleTimeMS=0, maintenanceInitialDelayMS=0, maintenanceFrequencyMS=60000, connectionPoolListeners=[], maxConnecting=2}, serverSettings=ServerSettings{heartbeatFrequencyMS=10000, minHeartbeatFrequencyMS=500, serverMonitoringMode=AUTO, serverListeners='[]', serverMonitorListeners='[]'}, sslSettings=SslSettings{enabled=false, invalidHostNameAllowed=false, context=null}, applicationName='null', compressorList=[], uuidRepresentation=JAVA_LEGACY, serverApi=null, autoEncryptionSettings=null, dnsClient=null, inetAddressResolver=null, contextProvider=null, timeoutMS=null}
2025-08-06T11:05:52.962+07:00  INFO 18511 --- [xosotv-backend] [localhost:27017] org.mongodb.driver.cluster               : Monitor thread successfully connected to server with description ServerDescription{address=localhost:27017, type=STANDALONE, cryptd=false, state=CONNECTED, ok=true, minWireVersion=0, maxWireVersion=25, maxDocumentSize=16777216, logicalSessionTimeoutMinutes=30, roundTripTimeNanos=39201064, minRoundTripTimeNanos=0}
2025-08-06T11:05:52.969+07:00  WARN 18511 --- [xosotv-backend] [           main] o.s.data.convert.CustomConversions       : Registering converter from interface java.util.List to interface org.springframework.data.domain.Vector as reading converter although it doesn't convert from a store-supported type; You might want to check your annotation setup at the converter implementation
2025-08-06T11:05:53.100+07:00  WARN 18511 --- [xosotv-backend] [           main] o.s.data.convert.CustomConversions       : Registering converter from interface java.util.List to interface org.springframework.data.domain.Vector as reading converter although it doesn't convert from a store-supported type; You might want to check your annotation setup at the converter implementation
2025-08-06T11:05:53.269+07:00  INFO 18511 --- [xosotv-backend] [           main] eAuthenticationProviderManagerConfigurer : Global AuthenticationManager configured with AuthenticationProvider bean with name authenticationProvider
2025-08-06T11:05:53.270+07:00  WARN 18511 --- [xosotv-backend] [           main] r$InitializeUserDetailsManagerConfigurer : Global AuthenticationManager configured with an AuthenticationProvider bean. UserDetailsService beans will not be used by Spring Security for automatically configuring username/password login. Consider removing the AuthenticationProvider bean. Alternatively, consider using the UserDetailsService in a manually instantiated DaoAuthenticationProvider. If the current configuration is intentional, to turn off this warning, increase the logging level of 'org.springframework.security.config.annotation.authentication.configuration.InitializeUserDetailsBeanManagerConfigurer' to ERROR
2025-08-06T11:05:53.760+07:00 DEBUG 18511 --- [xosotv-backend] [           main] s.w.s.m.m.a.RequestMappingHandlerMapping : 49 mappings in 'requestMappingHandlerMapping'
2025-08-06T11:05:53.876+07:00 DEBUG 18511 --- [xosotv-backend] [           main] o.s.w.s.handler.SimpleUrlHandlerMapping  : Patterns [/webjars/**, /**] in 'resourceHandlerMapping'
2025-08-06T11:05:53.932+07:00  WARN 18511 --- [xosotv-backend] [           main] thorizationManagerRequestMatcherRegistry : One of the patterns in [/api/auth/**, api/draw/**] is missing a leading slash. This is discouraged; please include the leading slash in all your request matcher patterns. In future versions of Spring Security, leaving out the leading slash will result in an exception.
2025-08-06T11:05:54.074+07:00  INFO 18511 --- [xosotv-backend] [           main] o.s.v.b.OptionalValidatorFactoryBean     : Failed to set up a Bean Validation provider: jakarta.validation.NoProviderFoundException: Unable to create a Configuration, because no Jakarta Bean Validation provider could be found. Add a provider like Hibernate Validator (RI) to your classpath.
2025-08-06T11:05:54.099+07:00 DEBUG 18511 --- [xosotv-backend] [           main] s.w.s.m.m.a.RequestMappingHandlerAdapter : ControllerAdvice beans: 0 @ModelAttribute, 0 @InitBinder, 1 RequestBodyAdvice, 1 ResponseBodyAdvice
2025-08-06T11:05:54.147+07:00 DEBUG 18511 --- [xosotv-backend] [           main] .m.m.a.ExceptionHandlerExceptionResolver : ControllerAdvice beans: 0 @ExceptionHandler, 1 ResponseBodyAdvice
2025-08-06T11:05:54.299+07:00  INFO 18511 --- [xosotv-backend] [           main] c.x.l.x.XosotvBackendApplicationTests    : Started XosotvBackendApplicationTests in 2.893 seconds (process running for 3.744)
2025-08-06T11:05:54.302+07:00  INFO 18511 --- [xosotv-backend] [   scheduling-1] c.x.l.x.b.s.PositionMonitoringScheduler  : --- [START] Processing All Positions (Pending & Open) ---
2025-08-06T11:05:54.367+07:00  INFO 18511 --- [xosotv-backend] [   scheduling-1] c.x.l.x.b.s.PositionMonitoringScheduler  : --- [END] Processing All Positions ---
2025-08-06T11:05:54.368+07:00  INFO 18511 --- [xosotv-backend] [   scheduling-1] c.x.l.x.b.service.TradingBotScheduler    : ----------------- Starting scheduled trade scan -----------------
2025-08-06T11:05:54.371+07:00  INFO 18511 --- [xosotv-backend] [   scheduling-1] c.x.l.x.b.service.TradingBotScheduler    : No active trading rules found.
]]></system-out>
    <system-err><![CDATA[Mockito is currently self-attaching to enable the inline-mock-maker. This will no longer work in future releases of the JDK. Please add Mockito as an agent to your build as described in Mockito's documentation: https://javadoc.io/doc/org.mockito/mockito-core/latest/org.mockito/org/mockito/Mockito.html#0.3
WARNING: A Java agent has been loaded dynamically (/Users/pro/.m2/repository/net/bytebuddy/byte-buddy-agent/1.17.5/byte-buddy-agent-1.17.5.jar)
WARNING: If a serviceability tool is in use, please run with -XX:+EnableDynamicAgentLoading to hide this warning
WARNING: If a serviceability tool is not in use, please run with -Djdk.instrument.traceUsage for more information
WARNING: Dynamic loading of agents will be disallowed by default in a future release
]]></system-err>
  </testcase>
</testsuite>